Using pre-set license
Built from '2021.3/staging' branch; Version is '2021.3.9f1 (ad3870b89536) revision 11352176'; Using compiler version '192829333'; Build Type 'Release'
OS: 'Windows 10  (10.0.19044) 64bit Professional' Language: 'es' Physical Memory: 16267 MB
BatchMode: 1, IsHumanControllingUs: 0, StartBugReporterOnCrash: 0, Is64bit: 1, IsPro: 1

COMMAND LINE ARGUMENTS:
C:\Program Files\Unity 2021.3.9f1\Editor\Unity.exe
-adb2
-batchMode
-noUpm
-name
AssetImportWorker0
-projectPath
C:/Residencia/HygieneHabitsGame/HygieneHabitsGame
-logFile
Logs/AssetImportWorker0.log
-srvPort
52051
Successfully changed project path to: C:/Residencia/HygieneHabitsGame/HygieneHabitsGame
C:/Residencia/HygieneHabitsGame/HygieneHabitsGame
[UnityMemory] Configuration Parameters - Can be set up in boot.config
    "memorysetup-bucket-allocator-granularity=16"
    "memorysetup-bucket-allocator-bucket-count=8"
    "memorysetup-bucket-allocator-block-size=33554432"
    "memorysetup-bucket-allocator-block-count=8"
    "memorysetup-main-allocator-block-size=16777216"
    "memorysetup-thread-allocator-block-size=16777216"
    "memorysetup-gfx-main-allocator-block-size=16777216"
    "memorysetup-gfx-thread-allocator-block-size=16777216"
    "memorysetup-cache-allocator-block-size=4194304"
    "memorysetup-typetree-allocator-block-size=2097152"
    "memorysetup-profiler-bucket-allocator-granularity=16"
    "memorysetup-profiler-bucket-allocator-bucket-count=8"
    "memorysetup-profiler-bucket-allocator-block-size=33554432"
    "memorysetup-profiler-bucket-allocator-block-count=8"
    "memorysetup-profiler-allocator-block-size=16777216"
    "memorysetup-profiler-editor-allocator-block-size=1048576"
    "memorysetup-temp-allocator-size-main=16777216"
    "memorysetup-job-temp-allocator-block-size=2097152"
    "memorysetup-job-temp-allocator-block-size-background=1048576"
    "memorysetup-job-temp-allocator-reduction-small-platforms=262144"
    "memorysetup-temp-allocator-size-background-worker=32768"
    "memorysetup-temp-allocator-size-job-worker=262144"
    "memorysetup-temp-allocator-size-preload-manager=33554432"
    "memorysetup-temp-allocator-size-nav-mesh-worker=65536"
    "memorysetup-temp-allocator-size-audio-worker=65536"
    "memorysetup-temp-allocator-size-cloud-worker=32768"
    "memorysetup-temp-allocator-size-gi-baking-worker=262144"
    "memorysetup-temp-allocator-size-gfx=262144"
Refreshing native plugins compatible for Editor in 78.83 ms, found 3 plugins.
Preloading 0 native plugins for Editor in 0.00 ms.
Initialize engine version: 2021.3.9f1 (ad3870b89536)
[Subsystems] Discovering subsystems at path C:/Program Files/Unity 2021.3.9f1/Editor/Data/Resources/UnitySubsystems
[Subsystems] Discovering subsystems at path C:/Residencia/HygieneHabitsGame/HygieneHabitsGame/Assets
GfxDevice: creating device client; threaded=0; jobified=0
Direct3D:
    Version:  Direct3D 11.0 [level 11.1]
    Renderer: Intel(R) HD Graphics 620 (ID=0x5916)
    Vendor:   Intel
    VRAM:     8133 MB
    Driver:   30.0.101.1338
Initialize mono
Mono path[0] = 'C:/Program Files/Unity 2021.3.9f1/Editor/Data/Managed'
Mono path[1] = 'C:/Program Files/Unity 2021.3.9f1/Editor/Data/MonoBleedingEdge/lib/mono/unityjit-win32'
Mono config path = 'C:/Program Files/Unity 2021.3.9f1/Editor/Data/MonoBleedingEdge/etc'
Using monoOptions --debugger-agent=transport=dt_socket,embedding=1,server=y,suspend=n,address=127.0.0.1:56684
Begin MonoManager ReloadAssembly
Registering precompiled unity dll's ...
Register platform support module: C:/Program Files/Unity 2021.3.9f1/Editor/Data/PlaybackEngines/AndroidPlayer/UnityEditor.Android.Extensions.dll
Register platform support module: C:/Program Files/Unity 2021.3.9f1/Editor/Data/PlaybackEngines/WindowsStandaloneSupport/UnityEditor.WindowsStandalone.Extensions.dll
Registered in 0.006390 seconds.
Native extension for WindowsStandalone target not found
Native extension for Android target not found
Refreshing native plugins compatible for Editor in 109.70 ms, found 3 plugins.
Preloading 0 native plugins for Editor in 0.00 ms.
Mono: successfully reloaded assembly
- Completed reload, in  0.768 seconds
Domain Reload Profiling:
	ReloadAssembly (769ms)
		BeginReloadAssembly (86ms)
			ExecutionOrderSort (0ms)
			DisableScriptedObjects (0ms)
			BackupInstance (0ms)
			ReleaseScriptingObjects (0ms)
			CreateAndSetChildDomain (1ms)
		EndReloadAssembly (565ms)
			LoadAssemblies (84ms)
			RebuildTransferFunctionScriptingTraits (0ms)
			SetupTypeCache (113ms)
			ReleaseScriptCaches (0ms)
			RebuildScriptCaches (30ms)
			SetupLoadedEditorAssemblies (370ms)
				LogAssemblyErrors (0ms)
				InitializePlatformSupportModulesInManaged (47ms)
				SetLoadedEditorAssemblies (0ms)
				RefreshPlugins (110ms)
				BeforeProcessingInitializeOnLoad (1ms)
				ProcessInitializeOnLoadAttributes (164ms)
				ProcessInitializeOnLoadMethodAttributes (48ms)
				AfterProcessingInitializeOnLoad (0ms)
				EditorAssembliesLoaded (0ms)
			ExecutionOrderSort2 (0ms)
			AwakeInstancesAfterBackupRestoration (0ms)
Platform modules already initialized, skipping
Registering precompiled user dll's ...
Registered in 0.007575 seconds.
Begin MonoManager ReloadAssembly
Symbol file LoadedFromMemory doesn't match image C:\Residencia\HygieneHabitsGame\HygieneHabitsGame\Library\PackageCache\com.unity.visualscripting@1.7.8\Editor\VisualScripting.Core\Dependencies\YamlDotNet\Unity.VisualScripting.YamlDotNet.dll
Symbol file LoadedFromMemory doesn't match image C:\Residencia\HygieneHabitsGame\HygieneHabitsGame\Library\PackageCache\com.unity.visualscripting@1.7.8\Editor\VisualScripting.Core\Dependencies\DotNetZip\Unity.VisualScripting.IonicZip.dll
Native extension for WindowsStandalone target not found
Native extension for Android target not found
Refreshing native plugins compatible for Editor in 0.53 ms, found 3 plugins.
Preloading 0 native plugins for Editor in 0.00 ms.
Mono: successfully reloaded assembly
- Completed reload, in  1.099 seconds
Domain Reload Profiling:
	ReloadAssembly (1099ms)
		BeginReloadAssembly (116ms)
			ExecutionOrderSort (0ms)
			DisableScriptedObjects (6ms)
			BackupInstance (0ms)
			ReleaseScriptingObjects (0ms)
			CreateAndSetChildDomain (20ms)
		EndReloadAssembly (863ms)
			LoadAssemblies (89ms)
			RebuildTransferFunctionScriptingTraits (0ms)
			SetupTypeCache (274ms)
			ReleaseScriptCaches (1ms)
			RebuildScriptCaches (51ms)
			SetupLoadedEditorAssemblies (411ms)
				LogAssemblyErrors (0ms)
				InitializePlatformSupportModulesInManaged (15ms)
				SetLoadedEditorAssemblies (0ms)
				RefreshPlugins (1ms)
				BeforeProcessingInitializeOnLoad (110ms)
				ProcessInitializeOnLoadAttributes (247ms)
				ProcessInitializeOnLoadMethodAttributes (30ms)
				AfterProcessingInitializeOnLoad (8ms)
				EditorAssembliesLoaded (0ms)
			ExecutionOrderSort2 (0ms)
			AwakeInstancesAfterBackupRestoration (6ms)
Platform modules already initialized, skipping
========================================================================
Worker process is ready to serve import requests
Launched and connected shader compiler UnityShaderCompiler.exe after 0.05 seconds
Refreshing native plugins compatible for Editor in 0.50 ms, found 3 plugins.
Preloading 0 native plugins for Editor in 0.00 ms.
Unloading 3394 Unused Serialized files (Serialized files now loaded: 0)
Unloading 27 unused Assets / (112.1 KB). Loaded Objects now: 3854.
Memory consumption went from 118.4 MB to 118.3 MB.
Total: 3.618900 ms (FindLiveObjects: 0.292900 ms CreateObjectMapping: 0.236200 ms MarkObjects: 2.978100 ms  DeleteObjects: 0.110900 ms)

AssetImportParameters requested are different than current active one (requested -> active):
  custom:video-decoder-ogg-theora: a1e56fd34408186e4bbccfd4996cb3dc -> 
  custom:container-muxer-webm: aa71ff27fc2769a1b78a27578f13a17b -> 
  custom:container-demuxer-webm: 4f35f7cbe854078d1ac9338744f61a02 -> 
  custom:video-encoder-webm-vp8: eb34c28f22e8b96e1ab97ce403110664 -> 
  custom:audio-encoder-webm-vorbis: bf7c407c2cedff20999df2af8eb42d56 -> 
  custom:framework-win-MediaFoundation: 216162199b28c13a410421893ffa2e32 -> 
  custom:container-demuxer-ogg: 62fdf1f143b41e24485cea50d1cbac27 -> 
  custom:video-decoder-webm-vp8: 9c59270c3fd7afecdb556c50c9e8de78 -> 
  custom:audio-decoder-ogg-vorbis: bf7c407c2cedff20999df2af8eb42d56 -> 
========================================================================
Received Import Request.
  Time since last request: 1559.789966 seconds.
  path: Assets/Scenes
  artifactKey: Guid(6ea315d0fd7389c41b19996891e99ae3) Importer(815301076,1909f56bfc062723c751e8b465ee728b)
Start importing Assets/Scenes using Guid(6ea315d0fd7389c41b19996891e99ae3) Importer(815301076,1909f56bfc062723c751e8b465ee728b)  -> (artifact id: 'b8193726cff86800c54781cdc6d54904') in 0.009891 seconds 
========================================================================
Received Import Request.
  Time since last request: 57.363512 seconds.
  path: Assets/Scenes/5-2.unity
  artifactKey: Guid(f64d3e96d5efc9244adf640a3a0db0b6) Importer(815301076,1909f56bfc062723c751e8b465ee728b)
Start importing Assets/Scenes/5-2.unity using Guid(f64d3e96d5efc9244adf640a3a0db0b6) Importer(815301076,1909f56bfc062723c751e8b465ee728b)  -> (artifact id: 'ba57bcd66ead27834c1cbe16da43f2d9') in 0.008608 seconds 
========================================================================
Received Import Request.
  Time since last request: 1108.861262 seconds.
  path: Assets/Modelos/Ficha.blend
  artifactKey: Guid(690f5fef35aff6a4a8f8813047527f30) Importer(815301076,1909f56bfc062723c751e8b465ee728b)
Start importing Assets/Modelos/Ficha.blend using Guid(690f5fef35aff6a4a8f8813047527f30) Importer(815301076,1909f56bfc062723c751e8b465ee728b)  -> (artifact id: 'af44dc7a6d3e4aea652f093814508142') in 0.430961 seconds 
========================================================================
Received Import Request.
  Time since last request: 0.000128 seconds.
  path: Assets/Modelos/wood.table.blend
  artifactKey: Guid(96b268c26088f664fba0086462aec07c) Importer(815301076,1909f56bfc062723c751e8b465ee728b)
Start importing Assets/Modelos/wood.table.blend using Guid(96b268c26088f664fba0086462aec07c) Importer(815301076,1909f56bfc062723c751e8b465ee728b)  -> (artifact id: 'd74c662e98559414c1ada57aa97d55cf') in 0.172048 seconds 
========================================================================
Received Import Request.
  Time since last request: 0.000062 seconds.
  path: Assets/Modelos
  artifactKey: Guid(56fb351783b12bf4dbc08f8843b0f47f) Importer(815301076,1909f56bfc062723c751e8b465ee728b)
Start importing Assets/Modelos using Guid(56fb351783b12bf4dbc08f8843b0f47f) Importer(815301076,1909f56bfc062723c751e8b465ee728b)  -> (artifact id: 'd3ef0526913ce410e83c780f1e604579') in 0.014529 seconds 
========================================================================
Received Import Request.
  Time since last request: 45649.527381 seconds.
  path: Assets/Materiales
  artifactKey: Guid(ed41f72ac943b14469f5788bedfe9381) Importer(815301076,1909f56bfc062723c751e8b465ee728b)
Start importing Assets/Materiales using Guid(ed41f72ac943b14469f5788bedfe9381) Importer(815301076,1909f56bfc062723c751e8b465ee728b)  -> (artifact id: '967d8f2ed4a7b1196f0511f0104707ee') in 0.016813 seconds 
========================================================================
Received Import Request.
  Time since last request: 54.552205 seconds.
  path: Assets/Materiales/Madera
  artifactKey: Guid(6ab5e5e0005d00641943339250ce5115) Importer(815301076,1909f56bfc062723c751e8b465ee728b)
Start importing Assets/Materiales/Madera using Guid(6ab5e5e0005d00641943339250ce5115) Importer(815301076,1909f56bfc062723c751e8b465ee728b)  -> (artifact id: '48f0bedd8a49feaffb0bffeb1d523a39') in 0.016481 seconds 
========================================================================
Received Import Request.
  Time since last request: 2.348295 seconds.
  path: Assets/Materiales/Madera/Bambu/bamboo-wood-semigloss-albedo.png
  artifactKey: Guid(0cc1eacbbbccdda4cbdf7c476bc94442) Importer(815301076,1909f56bfc062723c751e8b465ee728b)
Start importing Assets/Materiales/Madera/Bambu/bamboo-wood-semigloss-albedo.png using Guid(0cc1eacbbbccdda4cbdf7c476bc94442) Importer(815301076,1909f56bfc062723c751e8b465ee728b)  -> (artifact id: 'eeb5ebc9655f7e3d8ac5c24d30375136') in 0.205063 seconds 
========================================================================
Received Import Request.
  Time since last request: 0.000088 seconds.
  path: Assets/Materiales/Madera/Bambu/bamboo-wood-semigloss-normal.png
  artifactKey: Guid(22d7cc636935fe7489431b5eef8b851d) Importer(815301076,1909f56bfc062723c751e8b465ee728b)
Start importing Assets/Materiales/Madera/Bambu/bamboo-wood-semigloss-normal.png using Guid(22d7cc636935fe7489431b5eef8b851d) Importer(815301076,1909f56bfc062723c751e8b465ee728b)  -> (artifact id: 'cabf0456ca2f57845079a7b0dc214852') in 0.197718 seconds 
========================================================================
Received Import Request.
  Time since last request: 0.000068 seconds.
  path: Assets/Materiales/Madera/Bambu/bamboo-wood-semigloss-ao.png
  artifactKey: Guid(62188c5169e9d7a46bc0b07a4cdb02ec) Importer(815301076,1909f56bfc062723c751e8b465ee728b)
Start importing Assets/Materiales/Madera/Bambu/bamboo-wood-semigloss-ao.png using Guid(62188c5169e9d7a46bc0b07a4cdb02ec) Importer(815301076,1909f56bfc062723c751e8b465ee728b)  -> (artifact id: '5599d79c0282e283b23d16aa12e74b71') in 0.151772 seconds 
========================================================================
Received Import Request.
  Time since last request: 0.000045 seconds.
  path: Assets/Materiales/Madera/Bambu/bamboo-wood-semigloss-metal.psd
  artifactKey: Guid(218b9206c04684349bf4938256b4766a) Importer(815301076,1909f56bfc062723c751e8b465ee728b)
Start importing Assets/Materiales/Madera/Bambu/bamboo-wood-semigloss-metal.psd using Guid(218b9206c04684349bf4938256b4766a) Importer(815301076,1909f56bfc062723c751e8b465ee728b)  -> (artifact id: '1c70118237b403d2650e048c29e9421f') in 0.157512 seconds 
========================================================================
Received Import Request.
  Time since last request: 0.000051 seconds.
  path: Assets/Materiales/Madera/Bambu
  artifactKey: Guid(a8411139b1db4d44aa84502d9e90e674) Importer(815301076,1909f56bfc062723c751e8b465ee728b)
Start importing Assets/Materiales/Madera/Bambu using Guid(a8411139b1db4d44aa84502d9e90e674) Importer(815301076,1909f56bfc062723c751e8b465ee728b)  -> (artifact id: '49d57b60082bbed8aaccf543cf6446c9') in 0.016302 seconds 
========================================================================
Received Import Request.
  Time since last request: 0.000063 seconds.
  path: Assets/Materiales/Madera/Bambu/Bambu.mat
  artifactKey: Guid(fec83a5df1d4c9f40991248a7ac1e84c) Importer(815301076,1909f56bfc062723c751e8b465ee728b)
Start importing Assets/Materiales/Madera/Bambu/Bambu.mat using Guid(fec83a5df1d4c9f40991248a7ac1e84c) Importer(815301076,1909f56bfc062723c751e8b465ee728b)  -> (artifact id: '62fe906c068cf02ccc279a74a7a66f39') in 1.237463 seconds 
========================================================================
Received Import Request.
  Time since last request: 21.544564 seconds.
  path: Assets/Materiales/Plasticos/Plastico Blanco.mat
  artifactKey: Guid(a5641b8ed35f90f4bbfbeef997530ac1) Importer(815301076,1909f56bfc062723c751e8b465ee728b)
Start importing Assets/Materiales/Plasticos/Plastico Blanco.mat using Guid(a5641b8ed35f90f4bbfbeef997530ac1) Importer(815301076,1909f56bfc062723c751e8b465ee728b)  -> (artifact id: '5f2a47e341abcafd0910392aec21a0a0') in 0.543653 seconds 
========================================================================
Received Import Request.
  Time since last request: 0.000024 seconds.
  path: Assets/Materiales/Plasticos/scuffed-plastic-normal.png
  artifactKey: Guid(94466f0a278aaef4c9e6deae1cc279cc) Importer(815301076,1909f56bfc062723c751e8b465ee728b)
Start importing Assets/Materiales/Plasticos/scuffed-plastic-normal.png using Guid(94466f0a278aaef4c9e6deae1cc279cc) Importer(815301076,1909f56bfc062723c751e8b465ee728b)  -> (artifact id: 'd70f20cab88b868643a71d82733c7421') in 0.163449 seconds 
========================================================================
Received Import Request.
  Time since last request: 0.000070 seconds.
  path: Assets/Materiales/Plasticos/scuffed-plastic-ao.png
  artifactKey: Guid(a03d7cbae1de5f148a410bccad65ae18) Importer(815301076,1909f56bfc062723c751e8b465ee728b)
Start importing Assets/Materiales/Plasticos/scuffed-plastic-ao.png using Guid(a03d7cbae1de5f148a410bccad65ae18) Importer(815301076,1909f56bfc062723c751e8b465ee728b)  -> (artifact id: '37bbb73c98ee4d819c184cf6abd5c852') in 0.148420 seconds 
========================================================================
Received Import Request.
  Time since last request: 0.000035 seconds.
  path: Assets/Materiales/Plasticos/scuffed-plastic7-alb.png
  artifactKey: Guid(03e95006500b1994c947c2ee0b225c02) Importer(815301076,1909f56bfc062723c751e8b465ee728b)
Start importing Assets/Materiales/Plasticos/scuffed-plastic7-alb.png using Guid(03e95006500b1994c947c2ee0b225c02) Importer(815301076,1909f56bfc062723c751e8b465ee728b)  -> (artifact id: 'a533e2e7abe389ad2ed203e203d26532') in 0.137518 seconds 
========================================================================
Received Import Request.
  Time since last request: 0.000035 seconds.
  path: Assets/Materiales/Plasticos
  artifactKey: Guid(3f0116025942010409cdf191f2fe8e57) Importer(815301076,1909f56bfc062723c751e8b465ee728b)
Start importing Assets/Materiales/Plasticos using Guid(3f0116025942010409cdf191f2fe8e57) Importer(815301076,1909f56bfc062723c751e8b465ee728b)  -> (artifact id: '51106be544e39a25602831fa8cf43145') in 0.012769 seconds 
========================================================================
Received Import Request.
  Time since last request: 0.000043 seconds.
  path: Assets/Materiales/Plasticos/Plastico Negro.mat
  artifactKey: Guid(60c8cabd28af06e4fafa06f08b891beb) Importer(815301076,1909f56bfc062723c751e8b465ee728b)
Start importing Assets/Materiales/Plasticos/Plastico Negro.mat using Guid(60c8cabd28af06e4fafa06f08b891beb) Importer(815301076,1909f56bfc062723c751e8b465ee728b)  -> (artifact id: '35e89aa8e669a79ae2ecf63e841d31fa') in 0.514482 seconds 
========================================================================
Received Import Request.
  Time since last request: 0.000040 seconds.
  path: Assets/Materiales/Plasticos/Plastico Rojo 1.mat
  artifactKey: Guid(9bbb91a241df3c94699cd6ab0b4ac0bd) Importer(815301076,1909f56bfc062723c751e8b465ee728b)
Start importing Assets/Materiales/Plasticos/Plastico Rojo 1.mat using Guid(9bbb91a241df3c94699cd6ab0b4ac0bd) Importer(815301076,1909f56bfc062723c751e8b465ee728b)  -> (artifact id: '7a0d1d3ef5487c4afe439458d49e23fd') in 0.519091 seconds 
========================================================================
Received Import Request.
  Time since last request: 0.000038 seconds.
  path: Assets/Materiales/Plasticos/scuffed-plastic5-alb.png
  artifactKey: Guid(e1437fc2a66627e4ebcc78645046eeea) Importer(815301076,1909f56bfc062723c751e8b465ee728b)
Start importing Assets/Materiales/Plasticos/scuffed-plastic5-alb.png using Guid(e1437fc2a66627e4ebcc78645046eeea) Importer(815301076,1909f56bfc062723c751e8b465ee728b)  -> (artifact id: '9352f8e905ac6368c4553fcb38f1bee4') in 0.146126 seconds 
========================================================================
Received Import Request.
  Time since last request: 5.928389 seconds.
  path: Assets/Materiales/Paño/il_794xN.985259563_nh04.jpg
  artifactKey: Guid(18b893191c5df354f9759c3fe255cc0c) Importer(815301076,1909f56bfc062723c751e8b465ee728b)
Start importing Assets/Materiales/Paño/il_794xN.985259563_nh04.jpg using Guid(18b893191c5df354f9759c3fe255cc0c) Importer(815301076,1909f56bfc062723c751e8b465ee728b)  -> (artifact id: '2d963c2eff336971e7111f9202bec4a9') in 0.085907 seconds 
========================================================================
Received Import Request.
  Time since last request: 0.000040 seconds.
  path: Assets/Materiales/Paño/Paño.mat
  artifactKey: Guid(27189a03d2d525940a9705eda5948da0) Importer(815301076,1909f56bfc062723c751e8b465ee728b)
Start importing Assets/Materiales/Paño/Paño.mat using Guid(27189a03d2d525940a9705eda5948da0) Importer(815301076,1909f56bfc062723c751e8b465ee728b)  -> (artifact id: '86de2647a576ddfd4660edb6e18a32a3') in 0.493928 seconds 
========================================================================
Received Import Request.
  Time since last request: 0.000053 seconds.
  path: Assets/Materiales/Paño/old-textured-fabric-metalic.psd
  artifactKey: Guid(8f9c31f4c8c430c4ab12f368ddd5f9eb) Importer(815301076,1909f56bfc062723c751e8b465ee728b)
Start importing Assets/Materiales/Paño/old-textured-fabric-metalic.psd using Guid(8f9c31f4c8c430c4ab12f368ddd5f9eb) Importer(815301076,1909f56bfc062723c751e8b465ee728b)  -> (artifact id: '5f24fcb66b83478fa63715ccb72cbf3f') in 0.165994 seconds 
========================================================================
Received Import Request.
  Time since last request: 0.000045 seconds.
  path: Assets/Materiales/Paño/old-textured-fabric-ao.png
  artifactKey: Guid(0ff0f19d18cd7fb47a1542eda0c94fed) Importer(815301076,1909f56bfc062723c751e8b465ee728b)
Start importing Assets/Materiales/Paño/old-textured-fabric-ao.png using Guid(0ff0f19d18cd7fb47a1542eda0c94fed) Importer(815301076,1909f56bfc062723c751e8b465ee728b)  -> (artifact id: '431587f42d1f3756ce8c758fdfeca1b4') in 0.145198 seconds 
========================================================================
Received Import Request.
  Time since last request: 0.000076 seconds.
  path: Assets/Materiales/Paño
  artifactKey: Guid(d6e585e0628578f4a9bd8f92a2c0c2e2) Importer(815301076,1909f56bfc062723c751e8b465ee728b)
Start importing Assets/Materiales/Paño using Guid(d6e585e0628578f4a9bd8f92a2c0c2e2) Importer(815301076,1909f56bfc062723c751e8b465ee728b)  -> (artifact id: 'd8a041be085b5113e67b4d5bd16b1b95') in 0.007119 seconds 
========================================================================
Received Import Request.
  Time since last request: 0.000066 seconds.
  path: Assets/Materiales/Paño/old-textured-fabric-albedo3.png
  artifactKey: Guid(b1f0c16bbce48c84da11ab8317b95c43) Importer(815301076,1909f56bfc062723c751e8b465ee728b)
Start importing Assets/Materiales/Paño/old-textured-fabric-albedo3.png using Guid(b1f0c16bbce48c84da11ab8317b95c43) Importer(815301076,1909f56bfc062723c751e8b465ee728b)  -> (artifact id: '6b693cfbd789657aae4ce7f7add74018') in 0.158868 seconds 
========================================================================
Received Import Request.
  Time since last request: 0.000022 seconds.
  path: Assets/Materiales/Paño/old-textured-fabric-normal.png
  artifactKey: Guid(d716fdbcc587889429e15e31efc3a942) Importer(815301076,1909f56bfc062723c751e8b465ee728b)
Start importing Assets/Materiales/Paño/old-textured-fabric-normal.png using Guid(d716fdbcc587889429e15e31efc3a942) Importer(815301076,1909f56bfc062723c751e8b465ee728b)  -> (artifact id: 'ad22250a239c6df857ed054bbed33f38') in 0.174939 seconds 
========================================================================
Received Import Request.
  Time since last request: 12.707905 seconds.
  path: Assets/Sprites/Animales.psd
  artifactKey: Guid(ac621cc753937364287adc849928723c) Importer(815301076,1909f56bfc062723c751e8b465ee728b)
Start importing Assets/Sprites/Animales.psd using Guid(ac621cc753937364287adc849928723c) Importer(815301076,1909f56bfc062723c751e8b465ee728b)  -> (artifact id: '3d4dc3a63415bf8c851908e14a65b150') in 0.118817 seconds 
========================================================================
Received Import Request.
  Time since last request: 0.000039 seconds.
  path: Assets/Sprites
  artifactKey: Guid(7522ddbeb45893147a17c32c25e825c2) Importer(815301076,1909f56bfc062723c751e8b465ee728b)
Start importing Assets/Sprites using Guid(7522ddbeb45893147a17c32c25e825c2) Importer(815301076,1909f56bfc062723c751e8b465ee728b)  -> (artifact id: '8ef12348bed0f5678a3697d9e0369e16') in 0.015584 seconds 
========================================================================
Received Import Request.
  Time since last request: 0.000056 seconds.
  path: Assets/Sprites/Logo.png
  artifactKey: Guid(b85949d43d5bec44bb0ea8edc9adef98) Importer(815301076,1909f56bfc062723c751e8b465ee728b)
Start importing Assets/Sprites/Logo.png using Guid(b85949d43d5bec44bb0ea8edc9adef98) Importer(815301076,1909f56bfc062723c751e8b465ee728b)  -> (artifact id: '2470ce2e98b3e44daab859b36e3240a5') in 0.158368 seconds 
========================================================================
Received Import Request.
  Time since last request: 9.252018 seconds.
  path: Assets/Prefabs/ParticulaAcierto.prefab
  artifactKey: Guid(529c4a8fdeddaeb48aba61ce70ac9b55) Importer(815301076,1909f56bfc062723c751e8b465ee728b)
Start importing Assets/Prefabs/ParticulaAcierto.prefab using Guid(529c4a8fdeddaeb48aba61ce70ac9b55) Importer(815301076,1909f56bfc062723c751e8b465ee728b)  -> (artifact id: '49584aae838556eec63c0583447153a4') in 0.161299 seconds 
========================================================================
Received Import Request.
  Time since last request: 0.000125 seconds.
  path: Assets/Prefabs
  artifactKey: Guid(6de2f8d06aeaecd4f82b9f01053916c6) Importer(815301076,1909f56bfc062723c751e8b465ee728b)
Start importing Assets/Prefabs using Guid(6de2f8d06aeaecd4f82b9f01053916c6) Importer(815301076,1909f56bfc062723c751e8b465ee728b)  -> (artifact id: '2dc17079027fd592b6b8958ba91b9b14') in 0.011089 seconds 
========================================================================
Received Import Request.
  Time since last request: 0.000243 seconds.
  path: Assets/Prefabs/Piso.prefab
  artifactKey: Guid(6d7aa2ee27817b0468d09e07cd90fc57) Importer(815301076,1909f56bfc062723c751e8b465ee728b)
Start importing Assets/Prefabs/Piso.prefab using Guid(6d7aa2ee27817b0468d09e07cd90fc57) Importer(815301076,1909f56bfc062723c751e8b465ee728b)  -> (artifact id: '676d4888a4981a6330183f59f7f0b94e') in 1.006079 seconds 
========================================================================
Received Import Request.
  Time since last request: 588.971514 seconds.
  path: Assets/Materiales/Madera/Mahog
  artifactKey: Guid(406055898f8305a46af7fa705d13ded5) Importer(815301076,1909f56bfc062723c751e8b465ee728b)
Start importing Assets/Materiales/Madera/Mahog using Guid(406055898f8305a46af7fa705d13ded5) Importer(815301076,1909f56bfc062723c751e8b465ee728b)  -> (artifact id: '02221a2f1781b7092e9330810da74d55') in 0.018205 seconds 
========================================================================
Received Import Request.
  Time since last request: 37.582367 seconds.
  path: Assets/Fuentes
  artifactKey: Guid(3359b340e06bd5a4dbd2305e6c63a4e5) Importer(815301076,1909f56bfc062723c751e8b465ee728b)
Start importing Assets/Fuentes using Guid(3359b340e06bd5a4dbd2305e6c63a4e5) Importer(815301076,1909f56bfc062723c751e8b465ee728b)  -> (artifact id: 'c7049022f47e6acef9e34710955ea6a9') in 0.013795 seconds 
